<?xml version="1.0" encoding="UTF-8"?>
<!-- Generated by org.testng.reporters.JUnitReportReporter -->
<testsuite hostname="DESKTOP-SBPSD0C" failures="0" tests="3" name="loginProcess.ValidLoginTestCases" time="1.311" errors="0" timestamp="2023-11-29T18:58:25 EET" skipped="1">
  <testcase classname="loginProcess.ValidLoginTestCases" name="loginTestUsingStandardUser" time="0.549"/>
  <testcase classname="loginProcess.ValidLoginTestCases" name="PrintNamesOfTheItems" time="0.762"/>
  <testcase classname="loginProcess.ValidLoginTestCases" name="AddToCart">
    <skipped/>
  </testcase> <!-- AddToCart -->
</testsuite> <!-- loginProcess.ValidLoginTestCases -->
